<?xml version="1.0" encoding="utf-8"?><testsuites name="pytest tests"><testsuite name="pytest" errors="0" failures="0" skipped="0" tests="27" time="2.795" timestamp="2026-08-15T12:07:25.246343+00:00" hostname="agent-env-ff61d60e-150a-4d77-a2a8-2438d684c71a"><testcase classname="backend.tests.test_bulk_generation" name="test_regression_analytics" time="0.144" /><testcase classname="backend.tests.test_bulk_generation" name="test_regression_templates" time="0.028" /><testcase classname="backend.tests.test_bulk_generation" name="test_regression_events" time="0.029" /><testcase classname="backend.tests.test_bulk_generation" name="test_regression_certificates" time="0.032" /><testcase classname="backend.tests.test_bulk_generation" name="test_bulk_limits" time="0.029" /><testcase classname="backend.tests.test_bulk_generation" name="test_sample_template_csv" time="0.027" /><testcase classname="backend.tests.test_bulk_generation" name="test_sample_template_xlsx" time="0.036" /><testcase classname="backend.tests.test_bulk_generation" name="test_upload_valid_csv" time="0.028" /><testcase classname="backend.tests.test_bulk_generation" name="test_upload_reject_txt" time="0.026" /><testcase classname="backend.tests.test_bulk_generation" name="test_upload_reject_large" time="0.220" /><testcase classname="backend.tests.test_bulk_generation" name="test_upload_formula_neutralised" time="0.029" /><testcase classname="backend.tests.test_bulk_generation" name="test_suggest_mapping" time="0.032" /><testcase classname="backend.tests.test_bulk_generation" name="test_validate_good_mapping" time="0.029" /><testcase classname="backend.tests.test_bulk_generation" name="test_validate_missing_recipient" time="0.028" /><testcase classname="backend.tests.test_bulk_generation" name="test_duplicate_detection" time="0.095" /><testcase classname="backend.tests.test_bulk_generation" name="test_errors_csv" time="0.090" /><testcase classname="backend.tests.test_bulk_generation" name="test_saved_mappings_crud" time="0.097" /><testcase classname="backend.tests.test_bulk_generation" name="test_sample_preview_pdf" time="0.088" /><testcase classname="backend.tests.test_bulk_generation" name="test_create_job_and_wait" time="1.106" /><testcase classname="backend.tests.test_bulk_generation" name="test_job_records" time="0.034" /><testcase classname="backend.tests.test_bulk_generation" name="test_job_zip_download" time="0.035" /><testcase classname="backend.tests.test_bulk_generation" name="test_bulk_certs_appear_in_existing_certificates" time="0.032" /><testcase classname="backend.tests.test_bulk_generation" name="test_existing_pdf_download_of_bulk_cert" time="0.040" /><testcase classname="backend.tests.test_bulk_generation" name="test_resend_emails" time="0.030" /><testcase classname="backend.tests.test_bulk_generation" name="test_analytics_bulk" time="0.028" /><testcase classname="backend.tests.test_bulk_generation" name="test_retry_endpoint_responds" time="0.162" /><testcase classname="backend.tests.test_bulk_generation" name="test_cancel_endpoint" time="0.146" /></testsuite></testsuites>