<?xml version="1.0" encoding="utf-8"?><testsuites name="pytest tests"><testsuite name="pytest" errors="0" failures="0" skipped="0" tests="14" time="9.540" timestamp="2026-09-10T19:06:16.568387+00:00" hostname="agent-env-1b72e818-5fa7-4242-8c7a-a91b0d454ab3"><testcase classname="backend.tests.test_event_reports" name="test_reports_requires_auth" time="0.242" /><testcase classname="backend.tests.test_event_reports" name="test_reports_forbidden_for_editor_and_viewer" time="2.568" /><testcase classname="backend.tests.test_event_reports" name="test_reports_events_scope_excludes_legacy_and_foreign" time="0.205" /><testcase classname="backend.tests.test_event_reports" name="test_event_summary_counts_and_scope_with_same_title_events" time="0.316" /><testcase classname="backend.tests.test_event_reports" name="test_download_xlsx_has_valid_workbook_headers_and_no_cross_event_mix" time="0.445" /><testcase classname="backend.tests.test_event_reports" name="test_download_csv_escapes_specials_and_formula_injection" time="0.303" /><testcase classname="backend.tests.test_event_reports" name="test_metadata_cap_128_with_overflow_json" time="0.325" /><testcase classname="backend.tests.test_event_reports" name="test_oversized_cell_returns_422_without_stack_trace" time="0.327" /><testcase classname="backend.tests.test_event_reports" name="test_invalid_event_id_and_object_injection_path" time="0.408" /><testcase classname="backend.tests.test_event_reports" name="test_nonexistent_foreign_unassigned_events_return_404" time="0.337" /><testcase classname="backend.tests.test_event_reports" name="test_invalid_format_and_array_format_handling" time="0.314" /><testcase classname="backend.tests.test_event_reports" name="test_empty_event_summary_and_download_422" time="0.300" /><testcase classname="backend.tests.test_event_reports" name="test_uuid_and_native_objectid_event_relationships_are_included" time="0.231" /><testcase classname="backend.tests.test_event_reports" name="test_large_event_5000_rows_and_index_presence" time="3.052" /></testsuite></testsuites>