<?xml version="1.0" encoding="utf-8"?><testsuites name="pytest tests"><testsuite name="pytest" errors="0" failures="0" skipped="0" tests="4" time="2.591" timestamp="2026-09-10T19:09:14.242294+00:00" hostname="agent-env-1b72e818-5fa7-4242-8c7a-a91b0d454ab3"><testcase classname="backend.tests.test_event_reports_regression_smoke" name="test_auth_and_analytics_smoke" time="0.785" /><testcase classname="backend.tests.test_event_reports_regression_smoke" name="test_single_certificate_generation_and_pdf_smoke" time="0.522" /><testcase classname="backend.tests.test_event_reports_regression_smoke" name="test_revoke_and_send_email_smoke" time="0.368" /><testcase classname="backend.tests.test_event_reports_regression_smoke" name="test_bulk_endpoints_smoke" time="0.775" /></testsuite></testsuites>