<?xml version="1.0" encoding="utf-8"?><testsuites name="pytest tests"><testsuite name="pytest" errors="0" failures="0" skipped="0" tests="33" time="14.302" timestamp="2026-08-15T15:44:23.664864+00:00" hostname="agent-env-ff61d60e-150a-4d77-a2a8-2438d684c71a"><testcase classname="test_auth.TestRegression" name="test_analytics_public" time="0.260" /><testcase classname="test_auth.TestRegression" name="test_templates_public" time="0.079" /><testcase classname="test_auth.TestRegression" name="test_events_public" time="0.316" /><testcase classname="test_auth.TestRegression" name="test_certificates_public" time="0.177" /><testcase classname="test_auth.TestRegression" name="test_bulk_limits_public" time="0.074" /><testcase classname="test_auth.TestRegression" name="test_bulk_sample_template_public" time="0.084" /><testcase classname="test_auth.TestRegister" name="test_register_invalid_email" time="0.086" /><testcase classname="test_auth.TestRegister" name="test_register_weak_password" time="0.246" /><testcase classname="test_auth.TestRegister" name="test_register_success_and_duplicate" time="0.585" /><testcase classname="test_auth.TestLogin" name="test_login_success_admin" time="0.363" /><testcase classname="test_auth.TestLogin" name="test_login_wrong_password" time="0.380" /><testcase classname="test_auth.TestLogin" name="test_login_unknown_email" time="0.080" /><testcase classname="test_auth.TestMe" name="test_me_no_cookies" time="0.075" /><testcase classname="test_auth.TestMe" name="test_me_with_cookies" time="0.408" /><testcase classname="test_auth.TestRefresh" name="test_refresh_and_reuse_detection" time="0.530" /><testcase classname="test_auth.TestLogout" name="test_logout_clears_and_revokes" time="0.504" /><testcase classname="test_auth.TestLogout" name="test_logout_all_across_sessions" time="0.857" /><testcase classname="test_auth.TestSessions" name="test_list_and_revoke" time="0.903" /><testcase classname="test_auth.TestPasswordPolicy" name="test_reject_weak[1234567]" time="0.104" /><testcase classname="test_auth.TestPasswordPolicy" name="test_reject_weak[nodigit]" time="0.089" /><testcase classname="test_auth.TestPasswordPolicy" name="test_reject_weak[12345678]" time="0.079" /><testcase classname="test_auth.TestPasswordPolicy" name="test_accept_strong" time="0.363" /><testcase classname="test_auth.TestEmailVerification" name="test_verify_and_reuse_token" time="0.530" /><testcase classname="test_auth.TestForgotReset" name="test_forgot_reset_flow" time="1.903" /><testcase classname="test_auth.TestChangePassword" name="test_change_password_flow" time="2.078" /><testcase classname="test_auth.TestSwitchOrg" name="test_switch_org" time="0.526" /><testcase classname="test_auth.TestJWTValidation" name="test_bad_secret" time="0.093" /><testcase classname="test_auth.TestJWTValidation" name="test_wrong_type_refresh_as_access" time="0.083" /><testcase classname="test_auth.TestSecurityHeaders" name="test_helmet_headers" time="0.075" /><testcase classname="test_auth.TestSecurityHeaders" name="test_cookie_flags" time="0.372" /><testcase classname="test_auth.TestMembers" name="test_super_admin_can_list_members" time="0.399" /><testcase classname="test_auth.TestMembers" name="test_audit_logs_admin" time="0.395" /><testcase classname="test_auth.TestBruteForce" name="test_lockout_after_5" time="1.123" /></testsuite></testsuites>