<?xml version="1.0" encoding="utf-8"?><testsuites name="pytest tests"><testsuite name="pytest" errors="0" failures="0" skipped="0" tests="13" time="1.093" timestamp="2026-08-15T11:14:40.892727+00:00" hostname="agent-env-ff61d60e-150a-4d77-a2a8-2438d684c71a"><testcase classname="backend.tests.test_backend" name="test_analytics" time="0.130" /><testcase classname="backend.tests.test_backend" name="test_get_templates" time="0.037" /><testcase classname="backend.tests.test_backend" name="test_create_template" time="0.063" /><testcase classname="backend.tests.test_backend" name="test_update_template" time="0.067" /><testcase classname="backend.tests.test_backend" name="test_get_events" time="0.030" /><testcase classname="backend.tests.test_backend" name="test_create_event" time="0.034" /><testcase classname="backend.tests.test_backend" name="test_bulk_generate_certificates" time="0.095" /><testcase classname="backend.tests.test_backend" name="test_get_single_certificate" time="0.034" /><testcase classname="backend.tests.test_backend" name="test_download_pdf_custom_template" time="0.101" /><testcase classname="backend.tests.test_backend" name="test_send_email" time="0.071" /><testcase classname="backend.tests.test_backend" name="test_revoke_certificate" time="0.196" /><testcase classname="backend.tests.test_backend" name="test_zz_cleanup" time="0.067" /><testcase classname="backend.tests.test_backend" name="test_template_not_found" time="0.031" /></testsuite></testsuites>